# JRE version: Java(TM) SE Runtime Environment (17.0.8+9) (build 17.0.8+9-LTS-211)
# Java VM: Java HotSpot(TM) 64-Bit Server VM (17.0.8+9-LTS-211, mixed mode, sharing, tiered, compressed oops, compressed class ptrs, g1 gc, windows-amd64)
GC Precious Log:
 CPUs: 16 total, 16 available
 Memory: 7501M
 Large Page Support: Disabled
 NUMA Support: Disabled
 Compressed Oops: Enabled (32-bit)
 Heap Region Size: 1M
 Heap Min Capacity: 8M
 Heap Initial Capacity: 118M
 Heap Max Capacity: 2G
 Pre-touch: Disabled
 Parallel Workers: 13
 Concurrent Workers: 3
 Concurrent Refinement Workers: 13
 Periodic GC: Disabled
Heap:
 garbage-first heap   total 260096K, used 143470K [0x0000000080000000, 0x0000000100000000)
  region size 1024K, 57 young (58368K), 9 survivors (9216K)
 Metaspace       used 75847K, committed 76544K, reserved 1179648K
  class space    used 10343K, committed 10688K, reserved 1048576K
GC Heap History (20 events):
Event: 24.076 GC heap before
{Heap before GC invocations=20 (full 0):
 garbage-first heap   total 107520K, used 82860K [0x0000000080000000, 0x0000000100000000)
  region size 1024K, 34 young (34816K), 1 survivors (1024K)
 Metaspace       used 51806K, committed 52352K, reserved 1114112K
  class space    used 7279K, committed 7552K, reserved 1048576K
}
Event: 24.082 GC heap after
{Heap after GC invocations=21 (full 0):
 garbage-first heap   total 107520K, used 52278K [0x0000000080000000, 0x0000000100000000)
  region size 1024K, 3 young (3072K), 3 survivors (3072K)
 Metaspace       used 51806K, committed 52352K, reserved 1114112K
  class space    used 7279K, committed 7552K, reserved 1048576K
}
Event: 24.848 GC heap before
{Heap before GC invocations=22 (full 0):
 garbage-first heap   total 107520K, used 84022K [0x0000000080000000, 0x0000000100000000)
  region size 1024K, 35 young (35840K), 3 survivors (3072K)
 Metaspace       used 51810K, committed 52352K, reserved 1114112K
  class space    used 7279K, committed 7552K, reserved 1048576K
}
Event: 24.853 GC heap after
{Heap after GC invocations=23 (full 0):
 garbage-first heap   total 107520K, used 53099K [0x0000000080000000, 0x0000000100000000)
  region size 1024K, 3 young (3072K), 3 survivors (3072K)
 Metaspace       used 51810K, committed 52352K, reserved 1114112K
  class space    used 7279K, committed 7552K, reserved 1048576K
}
Event: 24.871 GC heap before
{Heap before GC invocations=23 (full 0):
 garbage-first heap   total 107520K, used 55147K [0x0000000080000000, 0x0000000100000000)
  region size 1024K, 5 young (5120K), 3 survivors (3072K)
 Metaspace       used 51811K, committed 52352K, reserved 1114112K
  class space    used 7279K, committed 7552K, reserved 1048576K
}
Event: 24.877 GC heap after
{Heap after GC invocations=24 (full 0):
 garbage-first heap   total 107520K, used 52243K [0x0000000080000000, 0x0000000100000000)
  region size 1024K, 1 young (1024K), 1 survivors (1024K)
 Metaspace       used 51811K, committed 52352K, reserved 1114112K
  class space    used 7279K, committed 7552K, reserved 1048576K
}
Event: 25.268 GC heap before
{Heap before GC invocations=24 (full 0):
 garbage-first heap   total 107520K, used 85011K [0x0000000080000000, 0x0000000100000000)
  region size 1024K, 34 young (34816K), 1 survivors (1024K)
 Metaspace       used 51817K, committed 52352K, reserved 1114112K
  class space    used 7279K, committed 7552K, reserved 1048576K
}
Event: 25.273 GC heap after
{Heap after GC invocations=25 (full 0):
 garbage-first heap   total 107520K, used 54367K [0x0000000080000000, 0x0000000100000000)
  region size 1024K, 4 young (4096K), 4 survivors (4096K)
 Metaspace       used 51817K, committed 52352K, reserved 1114112K
  class space    used 7279K, committed 7552K, reserved 1048576K
}
Event: 26.531 GC heap before
{Heap before GC invocations=26 (full 0):
 garbage-first heap   total 107520K, used 98220K [0x0000000080000000, 0x0000000100000000)
  region size 1024K, 34 young (34816K), 4 survivors (4096K)
 Metaspace       used 52699K, committed 53376K, reserved 1114112K
  class space    used 7425K, committed 7744K, reserved 1048576K
}
Event: 26.542 GC heap after
{Heap after GC invocations=27 (full 0):
 garbage-first heap   total 111616K, used 74646K [0x0000000080000000, 0x0000000100000000)
  region size 1024K, 5 young (5120K), 5 survivors (5120K)
 Metaspace       used 52699K, committed 53376K, reserved 1114112K
  class space    used 7425K, committed 7744K, reserved 1048576K
}
Event: 26.591 GC heap before
{Heap before GC invocations=27 (full 0):
 garbage-first heap   total 111616K, used 75670K [0x0000000080000000, 0x0000000100000000)
  region size 1024K, 6 young (6144K), 5 survivors (5120K)
 Metaspace       used 52799K, committed 53440K, reserved 1114112K
  class space    used 7442K, committed 7744K, reserved 1048576K
}
Event: 26.596 GC heap after
{Heap after GC invocations=28 (full 0):
 garbage-first heap   total 111616K, used 72774K [0x0000000080000000, 0x0000000100000000)
  region size 1024K, 1 young (1024K), 1 survivors (1024K)
 Metaspace       used 52799K, committed 53440K, reserved 1114112K
  class space    used 7442K, committed 7744K, reserved 1048576K
}
Event: 27.057 GC heap before
{Heap before GC invocations=28 (full 0):
 garbage-first heap   total 111616K, used 88134K [0x0000000080000000, 0x0000000100000000)
  region size 1024K, 16 young (16384K), 1 survivors (1024K)
 Metaspace       used 53762K, committed 54400K, reserved 1114112K
  class space    used 7554K, committed 7872K, reserved 1048576K
}
Event: 27.064 GC heap after
{Heap after GC invocations=29 (full 0):
 garbage-first heap   total 266240K, used 74471K [0x0000000080000000, 0x0000000100000000)
  region size 1024K, 2 young (2048K), 2 survivors (2048K)
 Metaspace       used 53762K, committed 54400K, reserved 1114112K
  class space    used 7554K, committed 7872K, reserved 1048576K
}
Event: 32.241 GC heap before
{Heap before GC invocations=30 (full 0):
 garbage-first heap   total 260096K, used 215783K [0x0000000080000000, 0x0000000100000000)
  region size 1024K, 135 young (138240K), 2 survivors (2048K)
 Metaspace       used 65381K, committed 66048K, reserved 1114112K
  class space    used 8982K, committed 9280K, reserved 1048576K
}
Event: 32.254 GC heap after
{Heap after GC invocations=31 (full 0):
 garbage-first heap   total 260096K, used 82742K [0x0000000080000000, 0x0000000100000000)
  region size 1024K, 9 young (9216K), 9 survivors (9216K)
 Metaspace       used 65381K, committed 66048K, reserved 1114112K
  class space    used 8982K, committed 9280K, reserved 1048576K
}
Event: 32.333 GC heap before
{Heap before GC invocations=31 (full 0):
 garbage-first heap   total 260096K, used 85814K [0x0000000080000000, 0x0000000100000000)
  region size 1024K, 12 young (12288K), 9 survivors (9216K)
 Metaspace       used 65562K, committed 66176K, reserved 1114112K
  class space    used 9002K, committed 9280K, reserved 1048576K
}
Event: 32.342 GC heap after
{Heap after GC invocations=32 (full 0):
 garbage-first heap   total 260096K, used 83298K [0x0000000080000000, 0x0000000100000000)
  region size 1024K, 2 young (2048K), 2 survivors (2048K)
 Metaspace       used 65562K, committed 66176K, reserved 1114112K
  class space    used 9002K, committed 9280K, reserved 1048576K
}
Event: 36.830 GC heap before
{Heap before GC invocations=32 (full 0):
 garbage-first heap   total 260096K, used 210274K [0x0000000080000000, 0x0000000100000000)
  region size 1024K, 122 young (124928K), 2 survivors (2048K)
 Metaspace       used 72596K, committed 73280K, reserved 1114112K
  class space    used 9916K, committed 10240K, reserved 1048576K
}
Event: 36.840 GC heap after
{Heap after GC invocations=33 (full 0):
 garbage-first heap   total 260096K, used 95342K [0x0000000080000000, 0x0000000100000000)
  region size 1024K, 9 young (9216K), 9 survivors (9216K)
 Metaspace       used 72596K, committed 73280K, reserved 1114112K
  class space    used 9916K, committed 10240K, reserved 1048576K
}

