# JRE version: Java(TM) SE Runtime Environment (17.0.8+9) (build 17.0.8+9-LTS-211)
# Java VM: Java HotSpot(TM) 64-Bit Server VM (17.0.8+9-LTS-211, mixed mode, sharing, tiered, compressed oops, compressed class ptrs, g1 gc, windows-amd64)
GC Precious Log:
 CPUs: 16 total, 16 available
 Memory: 7501M
 Large Page Support: Disabled
 NUMA Support: Disabled
 Compressed Oops: Enabled (32-bit)
 Heap Region Size: 1M
 Heap Min Capacity: 8M
 Heap Initial Capacity: 118M
 Heap Max Capacity: 2G
 Pre-touch: Disabled
 Parallel Workers: 13
 Concurrent Workers: 3
 Concurrent Refinement Workers: 13
 Periodic GC: Disabled
Heap:
 garbage-first heap   total 202752K, used 147285K [0x0000000080000000, 0x0000000100000000)
  region size 1024K, 15 young (15360K), 2 survivors (2048K)
 Metaspace       used 100890K, committed 101760K, reserved 1179648K
  class space    used 13684K, committed 14144K, reserved 1048576K
GC Heap History (20 events):
Event: 46.362 GC heap before
{Heap before GC invocations=38 (full 0):
 garbage-first heap   total 202752K, used 167544K [0x0000000080000000, 0x0000000100000000)
  region size 1024K, 54 young (55296K), 7 survivors (7168K)
 Metaspace       used 94651K, committed 95424K, reserved 1179648K
  class space    used 13070K, committed 13440K, reserved 1048576K
}
Event: 46.371 GC heap after
{Heap after GC invocations=39 (full 0):
 garbage-first heap   total 202752K, used 121586K [0x0000000080000000, 0x0000000100000000)
  region size 1024K, 4 young (4096K), 4 survivors (4096K)
 Metaspace       used 94651K, committed 95424K, reserved 1179648K
  class space    used 13070K, committed 13440K, reserved 1048576K
}
Event: 47.546 GC heap before
{Heap before GC invocations=39 (full 0):
 garbage-first heap   total 202752K, used 167666K [0x0000000080000000, 0x0000000100000000)
  region size 1024K, 50 young (51200K), 4 survivors (4096K)
 Metaspace       used 94966K, committed 95808K, reserved 1179648K
  class space    used 13112K, committed 13504K, reserved 1048576K
}
Event: 47.556 GC heap after
{Heap after GC invocations=40 (full 0):
 garbage-first heap   total 202752K, used 123338K [0x0000000080000000, 0x0000000100000000)
  region size 1024K, 6 young (6144K), 6 survivors (6144K)
 Metaspace       used 94966K, committed 95808K, reserved 1179648K
  class space    used 13112K, committed 13504K, reserved 1048576K
}
Event: 48.811 GC heap before
{Heap before GC invocations=40 (full 0):
 garbage-first heap   total 202752K, used 167370K [0x0000000080000000, 0x0000000100000000)
  region size 1024K, 50 young (51200K), 6 survivors (6144K)
 Metaspace       used 95130K, committed 95936K, reserved 1179648K
  class space    used 13129K, committed 13504K, reserved 1048576K
}
Event: 48.824 GC heap after
{Heap after GC invocations=41 (full 0):
 garbage-first heap   total 202752K, used 125773K [0x0000000080000000, 0x0000000100000000)
  region size 1024K, 5 young (5120K), 5 survivors (5120K)
 Metaspace       used 95130K, committed 95936K, reserved 1179648K
  class space    used 13129K, committed 13504K, reserved 1048576K
}
Event: 49.864 GC heap before
{Heap before GC invocations=41 (full 0):
 garbage-first heap   total 202752K, used 167757K [0x0000000080000000, 0x0000000100000000)
  region size 1024K, 47 young (48128K), 5 survivors (5120K)
 Metaspace       used 95229K, committed 96128K, reserved 1179648K
  class space    used 13141K, committed 13568K, reserved 1048576K
}
Event: 49.874 GC heap after
{Heap after GC invocations=42 (full 0):
 garbage-first heap   total 202752K, used 127472K [0x0000000080000000, 0x0000000100000000)
  region size 1024K, 4 young (4096K), 4 survivors (4096K)
 Metaspace       used 95229K, committed 96128K, reserved 1179648K
  class space    used 13141K, committed 13568K, reserved 1048576K
}
Event: 50.365 GC heap before
{Heap before GC invocations=42 (full 0):
 garbage-first heap   total 202752K, used 167408K [0x0000000080000000, 0x0000000100000000)
  region size 1024K, 44 young (45056K), 4 survivors (4096K)
 Metaspace       used 95289K, committed 96128K, reserved 1179648K
  class space    used 13142K, committed 13568K, reserved 1048576K
}
Event: 50.374 GC heap after
{Heap after GC invocations=43 (full 0):
 garbage-first heap   total 202752K, used 128928K [0x0000000080000000, 0x0000000100000000)
  region size 1024K, 4 young (4096K), 4 survivors (4096K)
 Metaspace       used 95289K, committed 96128K, reserved 1179648K
  class space    used 13142K, committed 13568K, reserved 1048576K
}
Event: 50.730 GC heap before
{Heap before GC invocations=43 (full 0):
 garbage-first heap   total 202752K, used 167840K [0x0000000080000000, 0x0000000100000000)
  region size 1024K, 43 young (44032K), 4 survivors (4096K)
 Metaspace       used 95321K, committed 96192K, reserved 1179648K
  class space    used 13144K, committed 13568K, reserved 1048576K
}
Event: 50.738 GC heap after
{Heap after GC invocations=44 (full 0):
 garbage-first heap   total 202752K, used 129969K [0x0000000080000000, 0x0000000100000000)
  region size 1024K, 4 young (4096K), 4 survivors (4096K)
 Metaspace       used 95321K, committed 96192K, reserved 1179648K
  class space    used 13144K, committed 13568K, reserved 1048576K
}
Event: 51.425 GC heap before
{Heap before GC invocations=44 (full 0):
 garbage-first heap   total 202752K, used 168881K [0x0000000080000000, 0x0000000100000000)
  region size 1024K, 43 young (44032K), 4 survivors (4096K)
 Metaspace       used 95349K, committed 96192K, reserved 1179648K
  class space    used 13145K, committed 13568K, reserved 1048576K
}
Event: 51.432 GC heap after
{Heap after GC invocations=45 (full 0):
 garbage-first heap   total 202752K, used 131953K [0x0000000080000000, 0x0000000100000000)
  region size 1024K, 6 young (6144K), 6 survivors (6144K)
 Metaspace       used 95349K, committed 96192K, reserved 1179648K
  class space    used 13145K, committed 13568K, reserved 1048576K
}
Event: 52.322 GC heap before
{Heap before GC invocations=45 (full 0):
 garbage-first heap   total 202752K, used 167793K [0x0000000080000000, 0x0000000100000000)
  region size 1024K, 42 young (43008K), 6 survivors (6144K)
 Metaspace       used 96161K, committed 97088K, reserved 1179648K
  class space    used 13258K, committed 13696K, reserved 1048576K
}
Event: 52.332 GC heap after
{Heap after GC invocations=46 (full 0):
 garbage-first heap   total 202752K, used 133536K [0x0000000080000000, 0x0000000100000000)
  region size 1024K, 4 young (4096K), 4 survivors (4096K)
 Metaspace       used 96161K, committed 97088K, reserved 1179648K
  class space    used 13258K, committed 13696K, reserved 1048576K
}
Event: 53.180 GC heap before
{Heap before GC invocations=46 (full 0):
 garbage-first heap   total 202752K, used 168352K [0x0000000080000000, 0x0000000100000000)
  region size 1024K, 39 young (39936K), 4 survivors (4096K)
 Metaspace       used 99817K, committed 100736K, reserved 1179648K
  class space    used 13610K, committed 14080K, reserved 1048576K
}
Event: 53.187 GC heap after
{Heap after GC invocations=47 (full 0):
 garbage-first heap   total 202752K, used 134594K [0x0000000080000000, 0x0000000100000000)
  region size 1024K, 2 young (2048K), 2 survivors (2048K)
 Metaspace       used 99817K, committed 100736K, reserved 1179648K
  class space    used 13610K, committed 14080K, reserved 1048576K
}
Event: 221.085 GC heap before
{Heap before GC invocations=47 (full 0):
 garbage-first heap   total 202752K, used 169410K [0x0000000080000000, 0x0000000100000000)
  region size 1024K, 37 young (37888K), 2 survivors (2048K)
 Metaspace       used 100781K, committed 101696K, reserved 1179648K
  class space    used 13680K, committed 14144K, reserved 1048576K
}
Event: 221.190 GC heap after
{Heap after GC invocations=48 (full 0):
 garbage-first heap   total 202752K, used 134997K [0x0000000080000000, 0x0000000100000000)
  region size 1024K, 2 young (2048K), 2 survivors (2048K)
 Metaspace       used 100781K, committed 101696K, reserved 1179648K
  class space    used 13680K, committed 14144K, reserved 1048576K
}

